<?xml version="1.0" encoding="UTF-8"?>
<!-- Generated by org.testng.reporters.JUnitReportReporter -->
<testsuite hostname="DESKTOP-895A101" name="restpckg.reststeps" tests="5" failures="0" timestamp="21 Mar 2022 09:04:40 GMT" time="8.342" errors="0">
  <testcase name="login" time="1.272" classname="restpckg.reststeps"/>
  <testcase name="update" time="1.354" classname="restpckg.reststeps"/>
  <testcase name="logout" time="1.262" classname="restpckg.reststeps"/>
  <testcase name="delete" time="1.342" classname="restpckg.reststeps"/>
  <testcase name="create" time="3.112" classname="restpckg.reststeps"/>
</testsuite> <!-- restpckg.reststeps -->
